app/build/intermediates/manifest_merge_blame_file/debug/manifest-merger-blame-debug-report.txt
1<?xml version="1.0" encoding="utf-8"?>
2<manifest xmlns:android="http://schemas.android.com/apk/res/android"
3    package="com.example.blueday4meals"
4    android:versionCode="1"
5    android:versionName="1.0" >
6
7    <uses-sdk
8        android:minSdkVersion="31"
8-->src\main\AndroidManifest.xml
9        android:targetSdkVersion="33" />
9-->src\main\AndroidManifest.xml
10
11    <uses-permission android:name="android.permission.INTERNET" />
11-->src\main\AndroidManifest.xml:5:5-67
11-->src\main\AndroidManifest.xml:5:22-64
12    <uses-permission android:name="android.permission.ACCESS_COARSE_LOCATION" />
12-->src\main\AndroidManifest.xml:6:5-81
12-->src\main\AndroidManifest.xml:6:22-78
13    <uses-permission android:name="android.permission.ACCESS_FINE_LOCATION" />
13-->src\main\AndroidManifest.xml:7:5-79
13-->src\main\AndroidManifest.xml:7:22-76
14    <uses-permission android:name="android.permission.ACCESS_FINE_LOCATION" />
14-->src\main\AndroidManifest.xml:7:5-79
14-->src\main\AndroidManifest.xml:7:22-76
15
16    <uses-feature
16-->[com.naver.maps:map-sdk:3.16.0] AndroidManifest.xml:9:5-11:35
17        android:glEsVersion="0x00020000"
17-->[com.naver.maps:map-sdk:3.16.0] AndroidManifest.xml:10:9-41
18        android:required="true" />
18-->[com.naver.maps:map-sdk:3.16.0] AndroidManifest.xml:11:9-32
19    <uses-feature
19-->[com.naver.maps:map-sdk:3.16.0] AndroidManifest.xml:12:5-14:36
20        android:name="android.hardware.wifi"
20-->[com.naver.maps:map-sdk:3.16.0] AndroidManifest.xml:13:9-45
21        android:required="false" />
21-->[com.naver.maps:map-sdk:3.16.0] AndroidManifest.xml:14:9-33
22
23    <uses-permission android:name="android.permission.ACCESS_NETWORK_STATE" />
23-->[com.naver.maps:map-sdk:3.16.0] AndroidManifest.xml:17:5-79
23-->[com.naver.maps:map-sdk:3.16.0] AndroidManifest.xml:17:22-76
24    <uses-permission android:name="android.permission.ACCESS_WIFI_STATE" />
24-->[com.naver.maps:map-sdk:3.16.0] AndroidManifest.xml:18:5-76
24-->[com.naver.maps:map-sdk:3.16.0] AndroidManifest.xml:18:22-73
25
26    <queries>
26-->[com.google.android.gms:play-services-maps:18.1.0] AndroidManifest.xml:30:5-34:15
27
28        <!-- Needs to be explicitly declared on Android R+ -->
29        <package android:name="com.google.android.apps.maps" />
29-->[com.google.android.gms:play-services-maps:18.1.0] AndroidManifest.xml:33:9-64
29-->[com.google.android.gms:play-services-maps:18.1.0] AndroidManifest.xml:33:18-61
30    </queries>
31
32    <permission
32-->[androidx.core:core:1.9.0] AndroidManifest.xml:22:5-24:47
33        android:name="com.example.blueday4meals.DYNAMIC_RECEIVER_NOT_EXPORTED_PERMISSION"
33-->[androidx.core:core:1.9.0] AndroidManifest.xml:23:9-81
34        android:protectionLevel="signature" />
34-->[androidx.core:core:1.9.0] AndroidManifest.xml:24:9-44
35
36    <uses-permission android:name="com.example.blueday4meals.DYNAMIC_RECEIVER_NOT_EXPORTED_PERMISSION" />
36-->[androidx.core:core:1.9.0] AndroidManifest.xml:26:5-97
36-->[androidx.core:core:1.9.0] AndroidManifest.xml:26:22-94
37
38    <application
38-->src\main\AndroidManifest.xml:9:5-45:18
39        android:allowBackup="true"
39-->src\main\AndroidManifest.xml:10:9-35
40        android:appComponentFactory="whateverString"
40-->src\main\AndroidManifest.xml:20:9-53
41        android:dataExtractionRules="@xml/data_extraction_rules"
41-->src\main\AndroidManifest.xml:11:9-65
42        android:debuggable="true"
43        android:extractNativeLibs="false"
44        android:fullBackupContent="@xml/backup_rules"
44-->src\main\AndroidManifest.xml:12:9-54
45        android:icon="@mipmap/ic_launcher"
45-->src\main\AndroidManifest.xml:13:9-43
46        android:label="@string/app_name"
46-->src\main\AndroidManifest.xml:14:9-41
47        android:supportsRtl="true"
47-->src\main\AndroidManifest.xml:15:9-35
48        android:testOnly="true"
49        android:theme="@style/Theme.Blueday4meals"
49-->src\main\AndroidManifest.xml:16:9-51
50        android:usesCleartextTraffic="true" >
50-->src\main\AndroidManifest.xml:17:9-44
51        <meta-data
51-->src\main\AndroidManifest.xml:21:9-23:63
52            android:name="com.google.android.actions"
52-->src\main\AndroidManifest.xml:22:13-54
53            android:resource="@xml/network_security_config" />
53-->src\main\AndroidManifest.xml:23:13-60
54
55        <activity android:name="com.example.blueday4meals.NaverMap.NaverMapMain" />
55-->src\main\AndroidManifest.xml:24:9-58
55-->src\main\AndroidManifest.xml:24:19-56
56        <activity android:name="com.example.blueday4meals.Register.ChildRegisterActivity" />
56-->src\main\AndroidManifest.xml:25:9-67
56-->src\main\AndroidManifest.xml:25:19-65
57        <activity android:name="com.example.blueday4meals.Register.ParentsRegisterActivity" />
57-->src\main\AndroidManifest.xml:26:9-69
57-->src\main\AndroidManifest.xml:26:19-67
58        <activity android:name="com.example.blueday4meals.ChildMainPage" />
58-->src\main\AndroidManifest.xml:27:9-50
58-->src\main\AndroidManifest.xml:27:19-48
59        <activity android:name="com.example.blueday4meals.ParentMainPage" />
59-->src\main\AndroidManifest.xml:28:9-51
59-->src\main\AndroidManifest.xml:28:19-49
60        <activity android:name="com.example.blueday4meals.Camera.CameraMain" />
60-->src\main\AndroidManifest.xml:29:9-54
60-->src\main\AndroidManifest.xml:29:19-52
61        <activity android:name="com.example.blueday4meals.SettingMain" />
61-->src\main\AndroidManifest.xml:30:9-48
61-->src\main\AndroidManifest.xml:30:19-46
62        <activity android:name="com.example.blueday4meals.Nutrient.NutrientMain" />
62-->src\main\AndroidManifest.xml:31:9-58
62-->src\main\AndroidManifest.xml:31:19-56
63        <activity
63-->src\main\AndroidManifest.xml:32:9-40:20
64            android:name="com.example.blueday4meals.Login.LoginActivity"
64-->src\main\AndroidManifest.xml:32:19-54
65            android:exported="true" >
65-->src\main\AndroidManifest.xml:32:55-78
66            <intent-filter>
66-->src\main\AndroidManifest.xml:33:13-36:29
67                <action android:name="android.intent.action.MAIN" />
67-->src\main\AndroidManifest.xml:34:17-69
67-->src\main\AndroidManifest.xml:34:25-66
68
69                <category android:name="android.intent.category.LAUNCHER" />
69-->src\main\AndroidManifest.xml:35:17-77
69-->src\main\AndroidManifest.xml:35:27-74
70            </intent-filter>
71
72            <meta-data
72-->src\main\AndroidManifest.xml:37:13-39:36
73                android:name="android.app.lib_name"
73-->src\main\AndroidManifest.xml:38:17-52
74                android:value="" />
74-->src\main\AndroidManifest.xml:39:17-33
75        </activity>
76        <activity android:name="com.example.blueday4meals.Register.RegisterType" />
76-->src\main\AndroidManifest.xml:41:9-58
76-->src\main\AndroidManifest.xml:41:19-56
77
78        <meta-data
78-->src\main\AndroidManifest.xml:42:9-44:42
79            android:name="com.naver.maps.map.CLIENT_ID"
79-->src\main\AndroidManifest.xml:43:13-56
80            android:value="g9m45hxvbu" />
80-->src\main\AndroidManifest.xml:44:13-39
81
82        <activity
82-->[com.naver.maps:map-sdk:3.16.0] AndroidManifest.xml:21:9-25:51
83            android:name="com.naver.maps.map.app.LegendActivity"
83-->[com.naver.maps:map-sdk:3.16.0] AndroidManifest.xml:22:13-65
84            android:configChanges="screenSize|smallestScreenSize|screenLayout|orientation"
84-->[com.naver.maps:map-sdk:3.16.0] AndroidManifest.xml:23:13-91
85            android:label="@string/navermap_legend"
85-->[com.naver.maps:map-sdk:3.16.0] AndroidManifest.xml:24:13-52
86            android:theme="@style/navermap_app" />
86-->[com.naver.maps:map-sdk:3.16.0] AndroidManifest.xml:25:13-48
87        <activity
87-->[com.naver.maps:map-sdk:3.16.0] AndroidManifest.xml:26:9-30:51
88            android:name="com.naver.maps.map.app.LegalNoticeActivity"
88-->[com.naver.maps:map-sdk:3.16.0] AndroidManifest.xml:27:13-70
89            android:configChanges="screenSize|smallestScreenSize|screenLayout|orientation"
89-->[com.naver.maps:map-sdk:3.16.0] AndroidManifest.xml:28:13-91
90            android:label="@string/navermap_legal_notice"
90-->[com.naver.maps:map-sdk:3.16.0] AndroidManifest.xml:29:13-58
91            android:theme="@style/navermap_app" />
91-->[com.naver.maps:map-sdk:3.16.0] AndroidManifest.xml:30:13-48
92        <activity
92-->[com.naver.maps:map-sdk:3.16.0] AndroidManifest.xml:31:9-35:51
93            android:name="com.naver.maps.map.app.OpenSourceLicenseActivity"
93-->[com.naver.maps:map-sdk:3.16.0] AndroidManifest.xml:32:13-76
94            android:configChanges="screenSize|smallestScreenSize|screenLayout|orientation"
94-->[com.naver.maps:map-sdk:3.16.0] AndroidManifest.xml:33:13-91
95            android:label="@string/navermap_open_source_license"
95-->[com.naver.maps:map-sdk:3.16.0] AndroidManifest.xml:34:13-65
96            android:theme="@style/navermap_app" /> <!-- Needs to be explicitly declared on P+ -->
96-->[com.naver.maps:map-sdk:3.16.0] AndroidManifest.xml:35:13-48
97        <uses-library
97-->[com.google.android.gms:play-services-maps:18.1.0] AndroidManifest.xml:39:9-41:40
98            android:name="org.apache.http.legacy"
98-->[com.google.android.gms:play-services-maps:18.1.0] AndroidManifest.xml:40:13-50
99            android:required="false" />
99-->[com.google.android.gms:play-services-maps:18.1.0] AndroidManifest.xml:41:13-37
100
101        <activity
101-->[com.google.android.gms:play-services-base:18.0.1] AndroidManifest.xml:20:9-22:45
102            android:name="com.google.android.gms.common.api.GoogleApiActivity"
102-->[com.google.android.gms:play-services-base:18.0.1] AndroidManifest.xml:20:19-85
103            android:exported="false"
103-->[com.google.android.gms:play-services-base:18.0.1] AndroidManifest.xml:22:19-43
104            android:theme="@android:style/Theme.Translucent.NoTitleBar" />
104-->[com.google.android.gms:play-services-base:18.0.1] AndroidManifest.xml:21:19-78
105
106        <meta-data
106-->[com.google.android.gms:play-services-basement:18.0.0] AndroidManifest.xml:21:9-23:69
107            android:name="com.google.android.gms.version"
107-->[com.google.android.gms:play-services-basement:18.0.0] AndroidManifest.xml:22:13-58
108            android:value="@integer/google_play_services_version" />
108-->[com.google.android.gms:play-services-basement:18.0.0] AndroidManifest.xml:23:13-66
109
110        <provider
110-->[androidx.emoji2:emoji2:1.2.0] AndroidManifest.xml:24:9-32:20
111            android:name="androidx.startup.InitializationProvider"
111-->[androidx.emoji2:emoji2:1.2.0] AndroidManifest.xml:25:13-67
112            android:authorities="com.example.blueday4meals.androidx-startup"
112-->[androidx.emoji2:emoji2:1.2.0] AndroidManifest.xml:26:13-68
113            android:exported="false" >
113-->[androidx.emoji2:emoji2:1.2.0] AndroidManifest.xml:27:13-37
114            <meta-data
114-->[androidx.emoji2:emoji2:1.2.0] AndroidManifest.xml:29:13-31:52
115                android:name="androidx.emoji2.text.EmojiCompatInitializer"
115-->[androidx.emoji2:emoji2:1.2.0] AndroidManifest.xml:30:17-75
116                android:value="androidx.startup" />
116-->[androidx.emoji2:emoji2:1.2.0] AndroidManifest.xml:31:17-49
117            <meta-data
117-->[androidx.lifecycle:lifecycle-process:2.4.1] AndroidManifest.xml:31:13-33:52
118                android:name="androidx.lifecycle.ProcessLifecycleInitializer"
118-->[androidx.lifecycle:lifecycle-process:2.4.1] AndroidManifest.xml:32:17-78
119                android:value="androidx.startup" />
119-->[androidx.lifecycle:lifecycle-process:2.4.1] AndroidManifest.xml:33:17-49
120        </provider>
121
122        <uses-library
122-->[androidx.window:window:1.0.0] AndroidManifest.xml:25:9-27:40
123            android:name="androidx.window.extensions"
123-->[androidx.window:window:1.0.0] AndroidManifest.xml:26:13-54
124            android:required="false" />
124-->[androidx.window:window:1.0.0] AndroidManifest.xml:27:13-37
125        <uses-library
125-->[androidx.window:window:1.0.0] AndroidManifest.xml:28:9-30:40
126            android:name="androidx.window.sidecar"
126-->[androidx.window:window:1.0.0] AndroidManifest.xml:29:13-51
127            android:required="false" />
127-->[androidx.window:window:1.0.0] AndroidManifest.xml:30:13-37
128    </application>
129
130</manifest>